<?xml version="1.0" encoding="UTF-8" ?>
<testsuite tests="1" failures="0" name="com.manning.chapter4.blocks.SetupBlockSpec" time="0.202" errors="0" skipped="0">
  <properties>
    <property name="java.runtime.name" value="OpenJDK Runtime Environment"/>
    <property name="sun.boot.library.path" value="/usr/lib/jvm/java-8-openjdk-amd64/jre/lib/amd64"/>
    <property name="java.vm.version" value="25.212-b03"/>
    <property name="java.vm.vendor" value="Oracle Corporation"/>
    <property name="java.vendor.url" value="http://java.oracle.com/"/>
    <property name="path.separator" value=":"/>
    <property name="java.vm.name" value="OpenJDK 64-Bit Server VM"/>
    <property name="file.encoding.pkg" value="sun.io"/>
    <property name="user.country" value="GB"/>
    <property name="sun.java.launcher" value="SUN_STANDARD"/>
    <property name="sun.os.patch.level" value="unknown"/>
    <property name="java.vm.specification.name" value="Java Virtual Machine Specification"/>
    <property name="user.dir" value="/home/jcdc/CW_Tools/tools/java/spock/demo12"/>
    <property name="java.runtime.version" value="1.8.0_212-8u212-b03-0ubuntu1.18.04.1-b03"/>
    <property name="java.awt.graphicsenv" value="sun.awt.X11GraphicsEnvironment"/>
    <property name="basedir" value="/home/jcdc/CW_Tools/tools/java/spock/demo12"/>
    <property name="java.endorsed.dirs" value="/usr/lib/jvm/java-8-openjdk-amd64/jre/lib/endorsed"/>
    <property name="os.arch" value="amd64"/>
    <property name="surefire.real.class.path" value="/tmp/surefirebooter4529158181962038154.jar"/>
    <property name="java.io.tmpdir" value="/tmp"/>
    <property name="line.separator" value="
"/>
    <property name="java.vm.specification.vendor" value="Oracle Corporation"/>
    <property name="os.name" value="Linux"/>
    <property name="sun.jnu.encoding" value="UTF-8"/>
    <property name="java.library.path" value="/usr/java/packages/lib/amd64:/usr/lib/x86_64-linux-gnu/jni:/lib/x86_64-linux-gnu:/usr/lib/x86_64-linux-gnu:/usr/lib/jni:/lib:/usr/lib"/>
    <property name="surefire.test.class.path" value="/home/jcdc/CW_Tools/tools/java/spock/demo12/target/test-classes:/home/jcdc/CW_Tools/tools/java/spock/demo12/target/classes:/home/jcdc/.m2/repository/junit/junit/4.12/junit-4.12.jar:/home/jcdc/.m2/repository/org/hamcrest/hamcrest-core/1.3/hamcrest-core-1.3.jar:/home/jcdc/.m2/repository/org/spockframework/spock-core/1.0-groovy-2.4/spock-core-1.0-groovy-2.4.jar:/home/jcdc/.m2/repository/org/codehaus/groovy/groovy-all/2.4.1/groovy-all-2.4.1.jar:/home/jcdc/.m2/repository/cglib/cglib-nodep/3.1/cglib-nodep-3.1.jar:/home/jcdc/.m2/repository/org/objenesis/objenesis/2.1/objenesis-2.1.jar:/home/jcdc/.m2/repository/org/codehaus/groovy/groovy-backports-compat23/2.3.7/groovy-backports-compat23-2.3.7.jar:/home/jcdc/.m2/repository/org/mockito/mockito-all/1.10.19/mockito-all-1.10.19.jar:/home/jcdc/.m2/repository/com/athaydes/spock-reports/1.2.12/spock-reports-1.2.12.jar:/home/jcdc/.m2/repository/org/slf4j/slf4j-api/1.7.13/slf4j-api-1.7.13.jar:/home/jcdc/.m2/repository/org/slf4j/slf4j-simple/1.7.13/slf4j-simple-1.7.13.jar:"/>
    <property name="java.specification.name" value="Java Platform API Specification"/>
    <property name="java.class.version" value="52.0"/>
    <property name="sun.management.compiler" value="HotSpot 64-Bit Tiered Compilers"/>
    <property name="os.version" value="4.15.0-20-generic"/>
    <property name="user.home" value="/home/jcdc"/>
    <property name="user.timezone" value="Europe/London"/>
    <property name="java.awt.printerjob" value="sun.print.PSPrinterJob"/>
    <property name="file.encoding" value="UTF-8"/>
    <property name="java.specification.version" value="1.8"/>
    <property name="user.name" value="jcdc"/>
    <property name="java.class.path" value="/home/jcdc/CW_Tools/tools/java/spock/demo12/target/test-classes:/home/jcdc/CW_Tools/tools/java/spock/demo12/target/classes:/home/jcdc/.m2/repository/junit/junit/4.12/junit-4.12.jar:/home/jcdc/.m2/repository/org/hamcrest/hamcrest-core/1.3/hamcrest-core-1.3.jar:/home/jcdc/.m2/repository/org/spockframework/spock-core/1.0-groovy-2.4/spock-core-1.0-groovy-2.4.jar:/home/jcdc/.m2/repository/org/codehaus/groovy/groovy-all/2.4.1/groovy-all-2.4.1.jar:/home/jcdc/.m2/repository/cglib/cglib-nodep/3.1/cglib-nodep-3.1.jar:/home/jcdc/.m2/repository/org/objenesis/objenesis/2.1/objenesis-2.1.jar:/home/jcdc/.m2/repository/org/codehaus/groovy/groovy-backports-compat23/2.3.7/groovy-backports-compat23-2.3.7.jar:/home/jcdc/.m2/repository/org/mockito/mockito-all/1.10.19/mockito-all-1.10.19.jar:/home/jcdc/.m2/repository/com/athaydes/spock-reports/1.2.12/spock-reports-1.2.12.jar:/home/jcdc/.m2/repository/org/slf4j/slf4j-api/1.7.13/slf4j-api-1.7.13.jar:/home/jcdc/.m2/repository/org/slf4j/slf4j-simple/1.7.13/slf4j-simple-1.7.13.jar:"/>
    <property name="java.vm.specification.version" value="1.8"/>
    <property name="sun.arch.data.model" value="64"/>
    <property name="java.home" value="/usr/lib/jvm/java-8-openjdk-amd64/jre"/>
    <property name="sun.java.command" value="/tmp/surefirebooter4529158181962038154.jar /tmp/surefire4943097631249544240tmp /tmp/surefire2222368535282630466tmp"/>
    <property name="java.specification.vendor" value="Oracle Corporation"/>
    <property name="user.language" value="en"/>
    <property name="awt.toolkit" value="sun.awt.X11.XToolkit"/>
    <property name="java.vm.info" value="mixed mode"/>
    <property name="java.version" value="1.8.0_212"/>
    <property name="java.ext.dirs" value="/usr/lib/jvm/java-8-openjdk-amd64/jre/lib/ext:/usr/java/packages/lib/ext"/>
    <property name="sun.boot.class.path" value="/usr/lib/jvm/java-8-openjdk-amd64/jre/lib/resources.jar:/usr/lib/jvm/java-8-openjdk-amd64/jre/lib/rt.jar:/usr/lib/jvm/java-8-openjdk-amd64/jre/lib/sunrsasign.jar:/usr/lib/jvm/java-8-openjdk-amd64/jre/lib/jsse.jar:/usr/lib/jvm/java-8-openjdk-amd64/jre/lib/jce.jar:/usr/lib/jvm/java-8-openjdk-amd64/jre/lib/charsets.jar:/usr/lib/jvm/java-8-openjdk-amd64/jre/lib/jfr.jar:/usr/lib/jvm/java-8-openjdk-amd64/jre/classes"/>
    <property name="java.vendor" value="Oracle Corporation"/>
    <property name="localRepository" value="/home/jcdc/.m2/repository"/>
    <property name="file.separator" value="/"/>
    <property name="java.vendor.url.bug" value="http://bugreport.sun.com/bugreport/"/>
    <property name="sun.cpu.endian" value="little"/>
    <property name="sun.io.unicode.encoding" value="UnicodeLittle"/>
    <property name="sun.desktop" value="gnome"/>
    <property name="sun.cpu.isalist" value=""/>
  </properties>
  <testcase classname="A basket with one product has equal weight (alternative)(com.manning.chapter4.blocks.SetupBlockSpec)" name="A basket with one product has equal weight " time="0.03"/>
</testsuite>